<?xml version="1.0" encoding="UTF-8"?>
<!-- Generated by org.testng.reporters.JUnitReportReporter -->
<testsuite hostname="Nandeesh" failures="0" tests="1" name="Flipkart.General" time="221.649" errors="1" timestamp="2023-12-21T12:23:23 IST" skipped="0">
  <testcase classname="Flipkart.General" name="gen" time="221.649">
    <error message="Expected condition failed: waiting for visibility of all [[[ChromeDriver: chrome on WINDOWS (0dd93c7ac96961d051b03346d8fb2a02)] -&gt; xpath: //img[@class=&#039;q6DClP&#039;]], [[ChromeDriver: chrome on WINDOWS (0dd93c7ac96961d051b03346d8fb2a02)] -&gt; xpath: //img[@class=&#039;q6DClP&#039;]], [[ChromeDriver: chrome on WINDOWS (0dd93c7ac96961d051b03346d8fb2a02)] -&gt; xpath: //img[@class=&#039;q6DClP&#039;]], [[ChromeDriver: chrome on WINDOWS (0dd93c7ac96961d051b03346d8fb2a02)] -&gt; xpath: //img[@class=&#039;q6DClP&#039;]], [[ChromeDriver: chrome on WINDOWS (0dd93c7ac96961d051b03346d8fb2a02)] -&gt; xpath: //img[@class=&#039;q6DClP&#039;]], [[ChromeDriver: chrome on WINDOWS (0dd93c7ac96961d051b03346d8fb2a02)] -&gt; xpath: //img[@class=&#039;q6DClP&#039;]], [[ChromeDriver: chrome on WINDOWS (0dd93c7ac96961d051b03346d8fb2a02)] -&gt; xpath: //img[@class=&#039;q6DClP&#039;]], [[ChromeDriver: chrome on WINDOWS (0dd93c7ac96961d051b03346d8fb2a02)] -&gt; xpath: //img[@class=&#039;q6DClP&#039;]], [[ChromeDriver: chrome on WINDOWS (0dd93c7ac96961d051b03346d8fb2a02)] -&gt; xpath: //img[@class=&#039;q6DClP&#039;]]] (tried for 50 second(s) with 500 milliseconds interval)
Build info: version: &#039;4.8.3&#039;, revision: &#039;e5e76298c3&#039;
System info: os.name: &#039;Windows 10&#039;, os.arch: &#039;amd64&#039;, os.version: &#039;10.0&#039;, java.version: &#039;17.0.4.1&#039;
Driver info: org.openqa.selenium.chrome.ChromeDriver
Capabilities {acceptInsecureCerts: false, browserName: chrome, browserVersion: 120.0.6099.110, chrome: {chromedriverVersion: 120.0.6099.109 (3419140ab66..., userDataDir: C:\Users\HI\AppData\Local\T...}, fedcm:accounts: true, goog:chromeOptions: {debuggerAddress: localhost:52612}, networkConnectionEnabled: false, pageLoadStrategy: normal, platformName: WINDOWS, proxy: Proxy(), se:cdp: ws://localhost:52612/devtoo..., se:cdpVersion: 120.0.6099.110, setWindowRect: true, strictFileInteractability: false, timeouts: {implicit: 0, pageLoad: 300000, script: 30000}, unhandledPromptBehavior: dismiss and notify, webauthn:extension:credBlob: true, webauthn:extension:largeBlob: true, webauthn:extension:minPinLength: true, webauthn:extension:prf: true, webauthn:virtualAuthenticators: true}
Session ID: 0dd93c7ac96961d051b03346d8fb2a02" type="org.openqa.selenium.TimeoutException">
      <![CDATA[org.openqa.selenium.TimeoutException: Expected condition failed: waiting for visibility of all [[[ChromeDriver: chrome on WINDOWS (0dd93c7ac96961d051b03346d8fb2a02)] -> xpath: //img[@class='q6DClP']], [[ChromeDriver: chrome on WINDOWS (0dd93c7ac96961d051b03346d8fb2a02)] -> xpath: //img[@class='q6DClP']], [[ChromeDriver: chrome on WINDOWS (0dd93c7ac96961d051b03346d8fb2a02)] -> xpath: //img[@class='q6DClP']], [[ChromeDriver: chrome on WINDOWS (0dd93c7ac96961d051b03346d8fb2a02)] -> xpath: //img[@class='q6DClP']], [[ChromeDriver: chrome on WINDOWS (0dd93c7ac96961d051b03346d8fb2a02)] -> xpath: //img[@class='q6DClP']], [[ChromeDriver: chrome on WINDOWS (0dd93c7ac96961d051b03346d8fb2a02)] -> xpath: //img[@class='q6DClP']], [[ChromeDriver: chrome on WINDOWS (0dd93c7ac96961d051b03346d8fb2a02)] -> xpath: //img[@class='q6DClP']], [[ChromeDriver: chrome on WINDOWS (0dd93c7ac96961d051b03346d8fb2a02)] -> xpath: //img[@class='q6DClP']], [[ChromeDriver: chrome on WINDOWS (0dd93c7ac96961d051b03346d8fb2a02)] -> xpath: //img[@class='q6DClP']]] (tried for 50 second(s) with 500 milliseconds interval)
Build info: version: '4.8.3', revision: 'e5e76298c3'
System info: os.name: 'Windows 10', os.arch: 'amd64', os.version: '10.0', java.version: '17.0.4.1'
Driver info: org.openqa.selenium.chrome.ChromeDriver
Capabilities {acceptInsecureCerts: false, browserName: chrome, browserVersion: 120.0.6099.110, chrome: {chromedriverVersion: 120.0.6099.109 (3419140ab66..., userDataDir: C:\Users\HI\AppData\Local\T...}, fedcm:accounts: true, goog:chromeOptions: {debuggerAddress: localhost:52612}, networkConnectionEnabled: false, pageLoadStrategy: normal, platformName: WINDOWS, proxy: Proxy(), se:cdp: ws://localhost:52612/devtoo..., se:cdpVersion: 120.0.6099.110, setWindowRect: true, strictFileInteractability: false, timeouts: {implicit: 0, pageLoad: 300000, script: 30000}, unhandledPromptBehavior: dismiss and notify, webauthn:extension:credBlob: true, webauthn:extension:largeBlob: true, webauthn:extension:minPinLength: true, webauthn:extension:prf: true, webauthn:virtualAuthenticators: true}
Session ID: 0dd93c7ac96961d051b03346d8fb2a02
at org.openqa.selenium.support.ui.WebDriverWait.timeoutException(WebDriverWait.java:87)
at org.openqa.selenium.support.ui.FluentWait.until(FluentWait.java:231)
at Flipkart.General.step(General.java:125)
at Flipkart.General.gen(General.java:43)
at java.base/jdk.internal.reflect.NativeMethodAccessorImpl.invoke0(Native Method)
at java.base/jdk.internal.reflect.NativeMethodAccessorImpl.invoke(NativeMethodAccessorImpl.java:77)
at java.base/jdk.internal.reflect.DelegatingMethodAccessorImpl.invoke(DelegatingMethodAccessorImpl.java:43)
at java.base/java.lang.reflect.Method.invoke(Method.java:568)
at org.testng.internal.invokers.MethodInvocationHelper.invokeMethod(MethodInvocationHelper.java:139)
at org.testng.internal.invokers.TestInvoker.invokeMethod(TestInvoker.java:677)
at org.testng.internal.invokers.TestInvoker.invokeTestMethod(TestInvoker.java:221)
at org.testng.internal.invokers.MethodRunner.runInSequence(MethodRunner.java:50)
at org.testng.internal.invokers.TestInvoker$MethodInvocationAgent.invoke(TestInvoker.java:969)
at org.testng.internal.invokers.TestInvoker.invokeTestMethods(TestInvoker.java:194)
at org.testng.internal.invokers.TestMethodWorker.invokeTestMethods(TestMethodWorker.java:148)
at org.testng.internal.invokers.TestMethodWorker.run(TestMethodWorker.java:128)
at java.base/java.util.ArrayList.forEach(ArrayList.java:1511)
at org.testng.TestRunner.privateRun(TestRunner.java:829)
at org.testng.TestRunner.run(TestRunner.java:602)
at org.testng.SuiteRunner.runTest(SuiteRunner.java:437)
at org.testng.SuiteRunner.runSequentially(SuiteRunner.java:431)
at org.testng.SuiteRunner.privateRun(SuiteRunner.java:391)
at org.testng.SuiteRunner.run(SuiteRunner.java:330)
at org.testng.SuiteRunnerWorker.runSuite(SuiteRunnerWorker.java:52)
at org.testng.SuiteRunnerWorker.run(SuiteRunnerWorker.java:95)
at org.testng.TestNG.runSuitesSequentially(TestNG.java:1256)
at org.testng.TestNG.runSuitesLocally(TestNG.java:1176)
at org.testng.TestNG.runSuites(TestNG.java:1099)
at org.testng.TestNG.run(TestNG.java:1067)
at org.testng.remote.AbstractRemoteTestNG.run(AbstractRemoteTestNG.java:115)
at org.testng.remote.RemoteTestNG.initAndRun(RemoteTestNG.java:251)
at org.testng.remote.RemoteTestNG.main(RemoteTestNG.java:77)
]]>
    </error>
  </testcase> <!-- gen -->
  <system-out/>
</testsuite> <!-- Flipkart.General -->
